生成启动时间为 2015/4/19 星期日 23:19:07。
     1>项目“E:\c++project\MyLib\prj\StrLib\StrLib.vcxproj”在节点 2 上(rebuild 个目标)。
     1>_PrepareForClean:
         正在删除文件“Debug\MyLib.lastbuildstate”。
     1>C:\Program Files\MSBuild\Microsoft.Cpp\v4.0\Microsoft.CppBuild.targets(299,5): warning MSB8004: Output 目录未以斜杠结尾。此生成实例将添加斜杠，因为必须有这个斜杠才能正确计算 Output 目录。
       InitializeBuildStatus:
         正在创建“Debug\MyLib.unsuccessfulbuild”，因为已指定“AlwaysCreate”。
       ClCompile:
         D:\vs2010\VC\bin\CL.exe /c /I../../inc /ZI /nologo /W3 /WX- /Od /Oy- /D WIN32 /D _DEBUG /D _CONSOLE /D _UNICODE /D UNICODE /Gm /EHsc /RTC1 /MDd /GS /fp:precise /Zc:wchar_t /Zc:forScope /Fo"Debug\\" /Fd"Debug\vc100.pdb" /Gd /TP /analyze- /errorReport:prompt ..\..\src\CString.cpp ..\..\src\StrLib.cpp
         StrLib.cpp
         CString.cpp
         正在生成代码...
       Lib:
         D:\vs2010\VC\bin\Lib.exe /OUT:"E:\c++project\MyLib\prj\StrLib\\..\..\lib\MyLibd.lib" /NOLOGO Debug\CString.obj
         Debug\StrLib.obj
         StrLib.vcxproj -> E:\c++project\MyLib\prj\StrLib\\..\..\lib\MyLibd.lib
       FinalizeBuildStatus:
         正在删除文件“Debug\MyLib.unsuccessfulbuild”。
         正在对“Debug\MyLib.lastbuildstate”执行 Touch 任务。
     1>已完成生成项目“E:\c++project\MyLib\prj\StrLib\StrLib.vcxproj”(rebuild 个目标)的操作。

生成成功。

已用时间 00:00:01.47
